<?xml version="1.0" encoding="UTF-8"?>
<!-- Generated by org.testng.reporters.JUnitXMLReporter -->
<testsuite ignored="0" hostname="DESKTOP-LP87043" failures="1" tests="5" name="Regression" time="16.805" errors="0" timestamp="2022-05-10T19:41:58 EDT">
  <testcase classname="piit.AutomationTrainingProgram.Signout" name="@AfterClass afterClass" time="0.001">
    <failure type="java.lang.NullPointerException">
      <![CDATA[java.lang.NullPointerException
at piit.AutomationTrainingProgram.Signout.afterClass(Signout.java:69)
at java.base/java.util.ArrayList.forEach(ArrayList.java:1541)
... Removed 25 stack frames]]>
    </failure>
  </testcase> <!-- @AfterClass afterClass -->
  <testcase classname="piit.AutomationTrainingProgram.Browsersd" name="f" time="6.208"/>
  <testcase classname="piit.AutomationTrainingProgram.Signout" name="f" time="0.024">
    <failure type="java.lang.NullPointerException">
      <![CDATA[java.lang.NullPointerException
at org.openqa.selenium.support.pagefactory.DefaultElementLocator.findElement(DefaultElementLocator.java:70)
at org.openqa.selenium.support.pagefactory.internal.LocatingElementHandler.invoke(LocatingElementHandler.java:39)
at com.sun.proxy.$Proxy22.sendKeys(Unknown Source)
at PageObjectModel.Home.Email(Home.java:21)
at piit.AutomationTrainingProgram.Signout.f(Signout.java:30)
at java.base/java.util.ArrayList.forEach(ArrayList.java:1541)
... Removed 27 stack frames]]>
    </failure>
  </testcase> <!-- f -->
  <testcase classname="piit.AutomationTrainingProgram.Signout" name="Text" time="0.0">
    <skipped/>
  </testcase> <!-- Text -->
  <testcase classname="piit.AutomationTrainingProgram.Execution" name="f" time="0.001"/>
  <testcase classname="piit.AutomationTrainingProgram.Execution" name="test2" time="0.001"/>
</testsuite> <!-- Regression -->
