<?xml version="1.0" encoding="UTF-8"?>
<testng-results ignored="0" total="2" passed="2" failed="0" skipped="0">
  <reporter-output>
  </reporter-output>
  <suite started-at="2022-05-11T18:39:39 EDT" name="Default suite" finished-at="2022-05-11T18:40:06 EDT" duration-ms="26636">
    <groups>
    </groups>
    <test started-at="2022-05-11T18:39:39 EDT" name="Default test" finished-at="2022-05-11T18:40:06 EDT" duration-ms="26636">
      <class name="piit.AutomationTrainingProgram.Signout">
        <test-method is-config="true" signature="beforeClass()[pri:0, instance:piit.AutomationTrainingProgram.Signout@5b03b9fe]" started-at="2022-05-11T18:39:39 EDT" name="beforeClass" finished-at="2022-05-11T18:39:46 EDT" duration-ms="6693" status="PASS">
          <reporter-output>
          </reporter-output>
        </test-method> <!-- beforeClass -->
        <test-method signature="f()[pri:1, instance:piit.AutomationTrainingProgram.Signout@5b03b9fe]" started-at="2022-05-11T18:39:46 EDT" name="f" finished-at="2022-05-11T18:39:59 EDT" duration-ms="13492" status="PASS">
          <reporter-output>
          </reporter-output>
        </test-method> <!-- f -->
        <test-method signature="Text()[pri:2, instance:piit.AutomationTrainingProgram.Signout@5b03b9fe]" started-at="2022-05-11T18:39:59 EDT" name="Text" finished-at="2022-05-11T18:40:06 EDT" depends-on-methods="piit.AutomationTrainingProgram.Signout.f" duration-ms="6408" status="PASS">
          <reporter-output>
          </reporter-output>
        </test-method> <!-- Text -->
        <test-method is-config="true" signature="afterClass()[pri:0, instance:piit.AutomationTrainingProgram.Signout@5b03b9fe]" started-at="2022-05-11T18:40:06 EDT" name="afterClass" finished-at="2022-05-11T18:40:06 EDT" duration-ms="0" status="FAIL">
          <exception class="java.lang.NullPointerException">
            <full-stacktrace>
              <![CDATA[java.lang.NullPointerException
at M.common.Utility.afterClass(Utility.java:19)
at java.base/jdk.internal.reflect.NativeMethodAccessorImpl.invoke0(Native Method)
at java.base/jdk.internal.reflect.NativeMethodAccessorImpl.invoke(NativeMethodAccessorImpl.java:62)
at java.base/jdk.internal.reflect.DelegatingMethodAccessorImpl.invoke(DelegatingMethodAccessorImpl.java:43)
at java.base/java.lang.reflect.Method.invoke(Method.java:566)
at org.testng.internal.invokers.MethodInvocationHelper.invokeMethod(MethodInvocationHelper.java:135)
at org.testng.internal.invokers.MethodInvocationHelper.invokeMethodConsideringTimeout(MethodInvocationHelper.java:65)
at org.testng.internal.invokers.ConfigInvoker.invokeConfigurationMethod(ConfigInvoker.java:381)
at org.testng.internal.invokers.ConfigInvoker.invokeConfigurations(ConfigInvoker.java:319)
at org.testng.internal.invokers.TestMethodWorker.invokeAfterClassMethods(TestMethodWorker.java:220)
at org.testng.internal.invokers.TestMethodWorker.run(TestMethodWorker.java:130)
at java.base/java.util.ArrayList.forEach(ArrayList.java:1541)
at org.testng.TestRunner.privateRun(TestRunner.java:808)
at org.testng.TestRunner.run(TestRunner.java:603)
at org.testng.SuiteRunner.runTest(SuiteRunner.java:429)
at org.testng.SuiteRunner.runSequentially(SuiteRunner.java:423)
at org.testng.SuiteRunner.privateRun(SuiteRunner.java:383)
at org.testng.SuiteRunner.run(SuiteRunner.java:326)
at org.testng.SuiteRunnerWorker.runSuite(SuiteRunnerWorker.java:52)
at org.testng.SuiteRunnerWorker.run(SuiteRunnerWorker.java:95)
at org.testng.TestNG.runSuitesSequentially(TestNG.java:1249)
at org.testng.TestNG.runSuitesLocally(TestNG.java:1169)
at org.testng.TestNG.runSuites(TestNG.java:1092)
at org.testng.TestNG.run(TestNG.java:1060)
at org.testng.remote.AbstractRemoteTestNG.run(AbstractRemoteTestNG.java:115)
at org.testng.remote.RemoteTestNG.initAndRun(RemoteTestNG.java:251)
at org.testng.remote.RemoteTestNG.main(RemoteTestNG.java:77)
]]>
            </full-stacktrace>
          </exception> <!-- java.lang.NullPointerException -->
          <reporter-output>
          </reporter-output>
        </test-method> <!-- afterClass -->
      </class> <!-- piit.AutomationTrainingProgram.Signout -->
    </test> <!-- Default test -->
  </suite> <!-- Default suite -->
</testng-results>
